[2019-06-19 05:31:29] local.ERROR: Symfony\Component\Debug\Exception\FatalThrowableError: Class 'App\Http\Controllers\DB' not found in D:\musa\MOODLE_36_STABLE\app\app\Http\Controllers\AreasController.php:17
Stack trace:
#0 [internal function]: App\Http\Controllers\AreasController->getArea(0, '0')
#1 D:\musa\MOODLE_36_STABLE\app\vendor\illuminate\container\BoundMethod.php(32): call_user_func_array(Array, Array)
#2 D:\musa\MOODLE_36_STABLE\app\vendor\illuminate\container\BoundMethod.php(90): Illuminate\Container\BoundMethod::Illuminate\Container\{closure}()
#3 D:\musa\MOODLE_36_STABLE\app\vendor\illuminate\container\BoundMethod.php(34): Illuminate\Container\BoundMethod::callBoundMethod(Object(Laravel\Lumen\Application), Array, Object(Closure))
#4 D:\musa\MOODLE_36_STABLE\app\vendor\illuminate\container\Container.php(576): Illuminate\Container\BoundMethod::call(Object(Laravel\Lumen\Application), Array, Array, NULL)
#5 D:\musa\MOODLE_36_STABLE\app\vendor\laravel\lumen-framework\src\Concerns\RoutesRequests.php(376): Illuminate\Container\Container->call(Array, Array)
#6 D:\musa\MOODLE_36_STABLE\app\vendor\laravel\lumen-framework\src\Concerns\RoutesRequests.php(342): Laravel\Lumen\Application->callControllerCallable(Array, Array)
#7 D:\musa\MOODLE_36_STABLE\app\vendor\laravel\lumen-framework\src\Concerns\RoutesRequests.php(316): Laravel\Lumen\Application->callLumenController(Object(App\Http\Controllers\AreasController), 'getArea', Array)
#8 D:\musa\MOODLE_36_STABLE\app\vendor\laravel\lumen-framework\src\Concerns\RoutesRequests.php(278): Laravel\Lumen\Application->callControllerAction(Array)
#9 D:\musa\MOODLE_36_STABLE\app\vendor\laravel\lumen-framework\src\Concerns\RoutesRequests.php(263): Laravel\Lumen\Application->callActionOnArrayBasedRoute(Array)
#10 D:\musa\MOODLE_36_STABLE\app\vendor\laravel\lumen-framework\src\Concerns\RoutesRequests.php(233): Laravel\Lumen\Application->handleFoundRoute(Array)
#11 D:\musa\MOODLE_36_STABLE\app\vendor\laravel\lumen-framework\src\Concerns\RoutesRequests.php(169): Laravel\Lumen\Application->handleDispatcherResponse(Array)
#12 D:\musa\MOODLE_36_STABLE\app\vendor\laravel\lumen-framework\src\Concerns\RoutesRequests.php(416): Laravel\Lumen\Application->Laravel\Lumen\Concerns\{closure}(Object(Laravel\Lumen\Http\Request))
#13 D:\musa\MOODLE_36_STABLE\app\vendor\laravel\lumen-framework\src\Concerns\RoutesRequests.php(171): Laravel\Lumen\Application->sendThroughPipeline(Array, Object(Closure))
#14 D:\musa\MOODLE_36_STABLE\app\vendor\laravel\lumen-framework\src\Concerns\RoutesRequests.php(108): Laravel\Lumen\Application->dispatch(NULL)
#15 D:\musa\MOODLE_36_STABLE\app\index.php(28): Laravel\Lumen\Application->run()
#16 {main} {"exception":"[object] (Symfony\\Component\\Debug\\Exception\\FatalThrowableError(code: 0): Class 'App\\Http\\Controllers\\DB' not found at D:\\musa\\MOODLE_36_STABLE\\app\\app\\Http\\Controllers\\AreasController.php:17)
[stacktrace]
#0 [internal function]: App\\Http\\Controllers\\AreasController->getArea(0, '0')
#1 D:\\musa\\MOODLE_36_STABLE\\app\\vendor\\illuminate\\container\\BoundMethod.php(32): call_user_func_array(Array, Array)
#2 D:\\musa\\MOODLE_36_STABLE\\app\\vendor\\illuminate\\container\\BoundMethod.php(90): Illuminate\\Container\\BoundMethod::Illuminate\\Container\\{closure}()
#3 D:\\musa\\MOODLE_36_STABLE\\app\\vendor\\illuminate\\container\\BoundMethod.php(34): Illuminate\\Container\\BoundMethod::callBoundMethod(Object(Laravel\\Lumen\\Application), Array, Object(Closure))
#4 D:\\musa\\MOODLE_36_STABLE\\app\\vendor\\illuminate\\container\\Container.php(576): Illuminate\\Container\\BoundMethod::call(Object(Laravel\\Lumen\\Application), Array, Array, NULL)
#5 D:\\musa\\MOODLE_36_STABLE\\app\\vendor\\laravel\\lumen-framework\\src\\Concerns\\RoutesRequests.php(376): Illuminate\\Container\\Container->call(Array, Array)
#6 D:\\musa\\MOODLE_36_STABLE\\app\\vendor\\laravel\\lumen-framework\\src\\Concerns\\RoutesRequests.php(342): Laravel\\Lumen\\Application->callControllerCallable(Array, Array)
#7 D:\\musa\\MOODLE_36_STABLE\\app\\vendor\\laravel\\lumen-framework\\src\\Concerns\\RoutesRequests.php(316): Laravel\\Lumen\\Application->callLumenController(Object(App\\Http\\Controllers\\AreasController), 'getArea', Array)
#8 D:\\musa\\MOODLE_36_STABLE\\app\\vendor\\laravel\\lumen-framework\\src\\Concerns\\RoutesRequests.php(278): Laravel\\Lumen\\Application->callControllerAction(Array)
#9 D:\\musa\\MOODLE_36_STABLE\\app\\vendor\\laravel\\lumen-framework\\src\\Concerns\\RoutesRequests.php(263): Laravel\\Lumen\\Application->callActionOnArrayBasedRoute(Array)
#10 D:\\musa\\MOODLE_36_STABLE\\app\\vendor\\laravel\\lumen-framework\\src\\Concerns\\RoutesRequests.php(233): Laravel\\Lumen\\Application->handleFoundRoute(Array)
#11 D:\\musa\\MOODLE_36_STABLE\\app\\vendor\\laravel\\lumen-framework\\src\\Concerns\\RoutesRequests.php(169): Laravel\\Lumen\\Application->handleDispatcherResponse(Array)
#12 D:\\musa\\MOODLE_36_STABLE\\app\\vendor\\laravel\\lumen-framework\\src\\Concerns\\RoutesRequests.php(416): Laravel\\Lumen\\Application->Laravel\\Lumen\\Concerns\\{closure}(Object(Laravel\\Lumen\\Http\\Request))
#13 D:\\musa\\MOODLE_36_STABLE\\app\\vendor\\laravel\\lumen-framework\\src\\Concerns\\RoutesRequests.php(171): Laravel\\Lumen\\Application->sendThroughPipeline(Array, Object(Closure))
#14 D:\\musa\\MOODLE_36_STABLE\\app\\vendor\\laravel\\lumen-framework\\src\\Concerns\\RoutesRequests.php(108): Laravel\\Lumen\\Application->dispatch(NULL)
#15 D:\\musa\\MOODLE_36_STABLE\\app\\index.php(28): Laravel\\Lumen\\Application->run()
#16 {main}
"} 
[2019-06-19 05:32:40] local.ERROR: Symfony\Component\Debug\Exception\FatalThrowableError: Class 'DB' not found in D:\musa\MOODLE_36_STABLE\app\app\Http\Controllers\AreasController.php:17
Stack trace:
#0 [internal function]: App\Http\Controllers\AreasController->getArea(0, '0')
#1 D:\musa\MOODLE_36_STABLE\app\vendor\illuminate\container\BoundMethod.php(32): call_user_func_array(Array, Array)
#2 D:\musa\MOODLE_36_STABLE\app\vendor\illuminate\container\BoundMethod.php(90): Illuminate\Container\BoundMethod::Illuminate\Container\{closure}()
#3 D:\musa\MOODLE_36_STABLE\app\vendor\illuminate\container\BoundMethod.php(34): Illuminate\Container\BoundMethod::callBoundMethod(Object(Laravel\Lumen\Application), Array, Object(Closure))
#4 D:\musa\MOODLE_36_STABLE\app\vendor\illuminate\container\Container.php(576): Illuminate\Container\BoundMethod::call(Object(Laravel\Lumen\Application), Array, Array, NULL)
#5 D:\musa\MOODLE_36_STABLE\app\vendor\laravel\lumen-framework\src\Concerns\RoutesRequests.php(376): Illuminate\Container\Container->call(Array, Array)
#6 D:\musa\MOODLE_36_STABLE\app\vendor\laravel\lumen-framework\src\Concerns\RoutesRequests.php(342): Laravel\Lumen\Application->callControllerCallable(Array, Array)
#7 D:\musa\MOODLE_36_STABLE\app\vendor\laravel\lumen-framework\src\Concerns\RoutesRequests.php(316): Laravel\Lumen\Application->callLumenController(Object(App\Http\Controllers\AreasController), 'getArea', Array)
#8 D:\musa\MOODLE_36_STABLE\app\vendor\laravel\lumen-framework\src\Concerns\RoutesRequests.php(278): Laravel\Lumen\Application->callControllerAction(Array)
#9 D:\musa\MOODLE_36_STABLE\app\vendor\laravel\lumen-framework\src\Concerns\RoutesRequests.php(263): Laravel\Lumen\Application->callActionOnArrayBasedRoute(Array)
#10 D:\musa\MOODLE_36_STABLE\app\vendor\laravel\lumen-framework\src\Concerns\RoutesRequests.php(233): Laravel\Lumen\Application->handleFoundRoute(Array)
#11 D:\musa\MOODLE_36_STABLE\app\vendor\laravel\lumen-framework\src\Concerns\RoutesRequests.php(169): Laravel\Lumen\Application->handleDispatcherResponse(Array)
#12 D:\musa\MOODLE_36_STABLE\app\vendor\laravel\lumen-framework\src\Concerns\RoutesRequests.php(416): Laravel\Lumen\Application->Laravel\Lumen\Concerns\{closure}(Object(Laravel\Lumen\Http\Request))
#13 D:\musa\MOODLE_36_STABLE\app\vendor\laravel\lumen-framework\src\Concerns\RoutesRequests.php(171): Laravel\Lumen\Application->sendThroughPipeline(Array, Object(Closure))
#14 D:\musa\MOODLE_36_STABLE\app\vendor\laravel\lumen-framework\src\Concerns\RoutesRequests.php(108): Laravel\Lumen\Application->dispatch(NULL)
#15 D:\musa\MOODLE_36_STABLE\app\index.php(28): Laravel\Lumen\Application->run()
#16 {main} {"exception":"[object] (Symfony\\Component\\Debug\\Exception\\FatalThrowableError(code: 0): Class 'DB' not found at D:\\musa\\MOODLE_36_STABLE\\app\\app\\Http\\Controllers\\AreasController.php:17)
[stacktrace]
#0 [internal function]: App\\Http\\Controllers\\AreasController->getArea(0, '0')
#1 D:\\musa\\MOODLE_36_STABLE\\app\\vendor\\illuminate\\container\\BoundMethod.php(32): call_user_func_array(Array, Array)
#2 D:\\musa\\MOODLE_36_STABLE\\app\\vendor\\illuminate\\container\\BoundMethod.php(90): Illuminate\\Container\\BoundMethod::Illuminate\\Container\\{closure}()
#3 D:\\musa\\MOODLE_36_STABLE\\app\\vendor\\illuminate\\container\\BoundMethod.php(34): Illuminate\\Container\\BoundMethod::callBoundMethod(Object(Laravel\\Lumen\\Application), Array, Object(Closure))
#4 D:\\musa\\MOODLE_36_STABLE\\app\\vendor\\illuminate\\container\\Container.php(576): Illuminate\\Container\\BoundMethod::call(Object(Laravel\\Lumen\\Application), Array, Array, NULL)
#5 D:\\musa\\MOODLE_36_STABLE\\app\\vendor\\laravel\\lumen-framework\\src\\Concerns\\RoutesRequests.php(376): Illuminate\\Container\\Container->call(Array, Array)
#6 D:\\musa\\MOODLE_36_STABLE\\app\\vendor\\laravel\\lumen-framework\\src\\Concerns\\RoutesRequests.php(342): Laravel\\Lumen\\Application->callControllerCallable(Array, Array)
#7 D:\\musa\\MOODLE_36_STABLE\\app\\vendor\\laravel\\lumen-framework\\src\\Concerns\\RoutesRequests.php(316): Laravel\\Lumen\\Application->callLumenController(Object(App\\Http\\Controllers\\AreasController), 'getArea', Array)
#8 D:\\musa\\MOODLE_36_STABLE\\app\\vendor\\laravel\\lumen-framework\\src\\Concerns\\RoutesRequests.php(278): Laravel\\Lumen\\Application->callControllerAction(Array)
#9 D:\\musa\\MOODLE_36_STABLE\\app\\vendor\\laravel\\lumen-framework\\src\\Concerns\\RoutesRequests.php(263): Laravel\\Lumen\\Application->callActionOnArrayBasedRoute(Array)
#10 D:\\musa\\MOODLE_36_STABLE\\app\\vendor\\laravel\\lumen-framework\\src\\Concerns\\RoutesRequests.php(233): Laravel\\Lumen\\Application->handleFoundRoute(Array)
#11 D:\\musa\\MOODLE_36_STABLE\\app\\vendor\\laravel\\lumen-framework\\src\\Concerns\\RoutesRequests.php(169): Laravel\\Lumen\\Application->handleDispatcherResponse(Array)
#12 D:\\musa\\MOODLE_36_STABLE\\app\\vendor\\laravel\\lumen-framework\\src\\Concerns\\RoutesRequests.php(416): Laravel\\Lumen\\Application->Laravel\\Lumen\\Concerns\\{closure}(Object(Laravel\\Lumen\\Http\\Request))
#13 D:\\musa\\MOODLE_36_STABLE\\app\\vendor\\laravel\\lumen-framework\\src\\Concerns\\RoutesRequests.php(171): Laravel\\Lumen\\Application->sendThroughPipeline(Array, Object(Closure))
#14 D:\\musa\\MOODLE_36_STABLE\\app\\vendor\\laravel\\lumen-framework\\src\\Concerns\\RoutesRequests.php(108): Laravel\\Lumen\\Application->dispatch(NULL)
#15 D:\\musa\\MOODLE_36_STABLE\\app\\index.php(28): Laravel\\Lumen\\Application->run()
#16 {main}
"} 
[2019-06-19 05:38:13] local.ERROR: BadMethodCallException: Method Illuminate\Database\Eloquent\Collection::explain does not exist. in D:\musa\MOODLE_36_STABLE\app\vendor\illuminate\support\Traits\Macroable.php:102
Stack trace:
#0 D:\musa\MOODLE_36_STABLE\app\app\Http\Controllers\AreasController.php(15): Illuminate\Support\Collection->__call('explain', Array)
#1 [internal function]: App\Http\Controllers\AreasController->getArea(0, '0')
#2 D:\musa\MOODLE_36_STABLE\app\vendor\illuminate\container\BoundMethod.php(32): call_user_func_array(Array, Array)
#3 D:\musa\MOODLE_36_STABLE\app\vendor\illuminate\container\BoundMethod.php(90): Illuminate\Container\BoundMethod::Illuminate\Container\{closure}()
#4 D:\musa\MOODLE_36_STABLE\app\vendor\illuminate\container\BoundMethod.php(34): Illuminate\Container\BoundMethod::callBoundMethod(Object(Laravel\Lumen\Application), Array, Object(Closure))
#5 D:\musa\MOODLE_36_STABLE\app\vendor\illuminate\container\Container.php(576): Illuminate\Container\BoundMethod::call(Object(Laravel\Lumen\Application), Array, Array, NULL)
#6 D:\musa\MOODLE_36_STABLE\app\vendor\laravel\lumen-framework\src\Concerns\RoutesRequests.php(376): Illuminate\Container\Container->call(Array, Array)
#7 D:\musa\MOODLE_36_STABLE\app\vendor\laravel\lumen-framework\src\Concerns\RoutesRequests.php(342): Laravel\Lumen\Application->callControllerCallable(Array, Array)
#8 D:\musa\MOODLE_36_STABLE\app\vendor\laravel\lumen-framework\src\Concerns\RoutesRequests.php(316): Laravel\Lumen\Application->callLumenController(Object(App\Http\Controllers\AreasController), 'getArea', Array)
#9 D:\musa\MOODLE_36_STABLE\app\vendor\laravel\lumen-framework\src\Concerns\RoutesRequests.php(278): Laravel\Lumen\Application->callControllerAction(Array)
#10 D:\musa\MOODLE_36_STABLE\app\vendor\laravel\lumen-framework\src\Concerns\RoutesRequests.php(263): Laravel\Lumen\Application->callActionOnArrayBasedRoute(Array)
#11 D:\musa\MOODLE_36_STABLE\app\vendor\laravel\lumen-framework\src\Concerns\RoutesRequests.php(233): Laravel\Lumen\Application->handleFoundRoute(Array)
#12 D:\musa\MOODLE_36_STABLE\app\vendor\laravel\lumen-framework\src\Concerns\RoutesRequests.php(169): Laravel\Lumen\Application->handleDispatcherResponse(Array)
#13 D:\musa\MOODLE_36_STABLE\app\vendor\laravel\lumen-framework\src\Concerns\RoutesRequests.php(416): Laravel\Lumen\Application->Laravel\Lumen\Concerns\{closure}(Object(Laravel\Lumen\Http\Request))
#14 D:\musa\MOODLE_36_STABLE\app\vendor\laravel\lumen-framework\src\Concerns\RoutesRequests.php(171): Laravel\Lumen\Application->sendThroughPipeline(Array, Object(Closure))
#15 D:\musa\MOODLE_36_STABLE\app\vendor\laravel\lumen-framework\src\Concerns\RoutesRequests.php(108): Laravel\Lumen\Application->dispatch(NULL)
#16 D:\musa\MOODLE_36_STABLE\app\index.php(28): Laravel\Lumen\Application->run()
#17 {main} {"exception":"[object] (BadMethodCallException(code: 0): Method Illuminate\\Database\\Eloquent\\Collection::explain does not exist. at D:\\musa\\MOODLE_36_STABLE\\app\\vendor\\illuminate\\support\\Traits\\Macroable.php:102)
[stacktrace]
#0 D:\\musa\\MOODLE_36_STABLE\\app\\app\\Http\\Controllers\\AreasController.php(15): Illuminate\\Support\\Collection->__call('explain', Array)
#1 [internal function]: App\\Http\\Controllers\\AreasController->getArea(0, '0')
#2 D:\\musa\\MOODLE_36_STABLE\\app\\vendor\\illuminate\\container\\BoundMethod.php(32): call_user_func_array(Array, Array)
#3 D:\\musa\\MOODLE_36_STABLE\\app\\vendor\\illuminate\\container\\BoundMethod.php(90): Illuminate\\Container\\BoundMethod::Illuminate\\Container\\{closure}()
#4 D:\\musa\\MOODLE_36_STABLE\\app\\vendor\\illuminate\\container\\BoundMethod.php(34): Illuminate\\Container\\BoundMethod::callBoundMethod(Object(Laravel\\Lumen\\Application), Array, Object(Closure))
#5 D:\\musa\\MOODLE_36_STABLE\\app\\vendor\\illuminate\\container\\Container.php(576): Illuminate\\Container\\BoundMethod::call(Object(Laravel\\Lumen\\Application), Array, Array, NULL)
#6 D:\\musa\\MOODLE_36_STABLE\\app\\vendor\\laravel\\lumen-framework\\src\\Concerns\\RoutesRequests.php(376): Illuminate\\Container\\Container->call(Array, Array)
#7 D:\\musa\\MOODLE_36_STABLE\\app\\vendor\\laravel\\lumen-framework\\src\\Concerns\\RoutesRequests.php(342): Laravel\\Lumen\\Application->callControllerCallable(Array, Array)
#8 D:\\musa\\MOODLE_36_STABLE\\app\\vendor\\laravel\\lumen-framework\\src\\Concerns\\RoutesRequests.php(316): Laravel\\Lumen\\Application->callLumenController(Object(App\\Http\\Controllers\\AreasController), 'getArea', Array)
#9 D:\\musa\\MOODLE_36_STABLE\\app\\vendor\\laravel\\lumen-framework\\src\\Concerns\\RoutesRequests.php(278): Laravel\\Lumen\\Application->callControllerAction(Array)
#10 D:\\musa\\MOODLE_36_STABLE\\app\\vendor\\laravel\\lumen-framework\\src\\Concerns\\RoutesRequests.php(263): Laravel\\Lumen\\Application->callActionOnArrayBasedRoute(Array)
#11 D:\\musa\\MOODLE_36_STABLE\\app\\vendor\\laravel\\lumen-framework\\src\\Concerns\\RoutesRequests.php(233): Laravel\\Lumen\\Application->handleFoundRoute(Array)
#12 D:\\musa\\MOODLE_36_STABLE\\app\\vendor\\laravel\\lumen-framework\\src\\Concerns\\RoutesRequests.php(169): Laravel\\Lumen\\Application->handleDispatcherResponse(Array)
#13 D:\\musa\\MOODLE_36_STABLE\\app\\vendor\\laravel\\lumen-framework\\src\\Concerns\\RoutesRequests.php(416): Laravel\\Lumen\\Application->Laravel\\Lumen\\Concerns\\{closure}(Object(Laravel\\Lumen\\Http\\Request))
#14 D:\\musa\\MOODLE_36_STABLE\\app\\vendor\\laravel\\lumen-framework\\src\\Concerns\\RoutesRequests.php(171): Laravel\\Lumen\\Application->sendThroughPipeline(Array, Object(Closure))
#15 D:\\musa\\MOODLE_36_STABLE\\app\\vendor\\laravel\\lumen-framework\\src\\Concerns\\RoutesRequests.php(108): Laravel\\Lumen\\Application->dispatch(NULL)
#16 D:\\musa\\MOODLE_36_STABLE\\app\\index.php(28): Laravel\\Lumen\\Application->run()
#17 {main}
"} 
[2019-06-19 05:39:21] local.ERROR: BadMethodCallException: Method Illuminate\Database\Eloquent\Collection::tosql does not exist. in D:\musa\MOODLE_36_STABLE\app\vendor\illuminate\support\Traits\Macroable.php:102
Stack trace:
#0 D:\musa\MOODLE_36_STABLE\app\app\Http\Controllers\AreasController.php(15): Illuminate\Support\Collection->__call('tosql', Array)
#1 [internal function]: App\Http\Controllers\AreasController->getArea(0, '0')
#2 D:\musa\MOODLE_36_STABLE\app\vendor\illuminate\container\BoundMethod.php(32): call_user_func_array(Array, Array)
#3 D:\musa\MOODLE_36_STABLE\app\vendor\illuminate\container\BoundMethod.php(90): Illuminate\Container\BoundMethod::Illuminate\Container\{closure}()
#4 D:\musa\MOODLE_36_STABLE\app\vendor\illuminate\container\BoundMethod.php(34): Illuminate\Container\BoundMethod::callBoundMethod(Object(Laravel\Lumen\Application), Array, Object(Closure))
#5 D:\musa\MOODLE_36_STABLE\app\vendor\illuminate\container\Container.php(576): Illuminate\Container\BoundMethod::call(Object(Laravel\Lumen\Application), Array, Array, NULL)
#6 D:\musa\MOODLE_36_STABLE\app\vendor\laravel\lumen-framework\src\Concerns\RoutesRequests.php(376): Illuminate\Container\Container->call(Array, Array)
#7 D:\musa\MOODLE_36_STABLE\app\vendor\laravel\lumen-framework\src\Concerns\RoutesRequests.php(342): Laravel\Lumen\Application->callControllerCallable(Array, Array)
#8 D:\musa\MOODLE_36_STABLE\app\vendor\laravel\lumen-framework\src\Concerns\RoutesRequests.php(316): Laravel\Lumen\Application->callLumenController(Object(App\Http\Controllers\AreasController), 'getArea', Array)
#9 D:\musa\MOODLE_36_STABLE\app\vendor\laravel\lumen-framework\src\Concerns\RoutesRequests.php(278): Laravel\Lumen\Application->callControllerAction(Array)
#10 D:\musa\MOODLE_36_STABLE\app\vendor\laravel\lumen-framework\src\Concerns\RoutesRequests.php(263): Laravel\Lumen\Application->callActionOnArrayBasedRoute(Array)
#11 D:\musa\MOODLE_36_STABLE\app\vendor\laravel\lumen-framework\src\Concerns\RoutesRequests.php(233): Laravel\Lumen\Application->handleFoundRoute(Array)
#12 D:\musa\MOODLE_36_STABLE\app\vendor\laravel\lumen-framework\src\Concerns\RoutesRequests.php(169): Laravel\Lumen\Application->handleDispatcherResponse(Array)
#13 D:\musa\MOODLE_36_STABLE\app\vendor\laravel\lumen-framework\src\Concerns\RoutesRequests.php(416): Laravel\Lumen\Application->Laravel\Lumen\Concerns\{closure}(Object(Laravel\Lumen\Http\Request))
#14 D:\musa\MOODLE_36_STABLE\app\vendor\laravel\lumen-framework\src\Concerns\RoutesRequests.php(171): Laravel\Lumen\Application->sendThroughPipeline(Array, Object(Closure))
#15 D:\musa\MOODLE_36_STABLE\app\vendor\laravel\lumen-framework\src\Concerns\RoutesRequests.php(108): Laravel\Lumen\Application->dispatch(NULL)
#16 D:\musa\MOODLE_36_STABLE\app\index.php(28): Laravel\Lumen\Application->run()
#17 {main} {"exception":"[object] (BadMethodCallException(code: 0): Method Illuminate\\Database\\Eloquent\\Collection::tosql does not exist. at D:\\musa\\MOODLE_36_STABLE\\app\\vendor\\illuminate\\support\\Traits\\Macroable.php:102)
[stacktrace]
#0 D:\\musa\\MOODLE_36_STABLE\\app\\app\\Http\\Controllers\\AreasController.php(15): Illuminate\\Support\\Collection->__call('tosql', Array)
#1 [internal function]: App\\Http\\Controllers\\AreasController->getArea(0, '0')
#2 D:\\musa\\MOODLE_36_STABLE\\app\\vendor\\illuminate\\container\\BoundMethod.php(32): call_user_func_array(Array, Array)
#3 D:\\musa\\MOODLE_36_STABLE\\app\\vendor\\illuminate\\container\\BoundMethod.php(90): Illuminate\\Container\\BoundMethod::Illuminate\\Container\\{closure}()
#4 D:\\musa\\MOODLE_36_STABLE\\app\\vendor\\illuminate\\container\\BoundMethod.php(34): Illuminate\\Container\\BoundMethod::callBoundMethod(Object(Laravel\\Lumen\\Application), Array, Object(Closure))
#5 D:\\musa\\MOODLE_36_STABLE\\app\\vendor\\illuminate\\container\\Container.php(576): Illuminate\\Container\\BoundMethod::call(Object(Laravel\\Lumen\\Application), Array, Array, NULL)
#6 D:\\musa\\MOODLE_36_STABLE\\app\\vendor\\laravel\\lumen-framework\\src\\Concerns\\RoutesRequests.php(376): Illuminate\\Container\\Container->call(Array, Array)
#7 D:\\musa\\MOODLE_36_STABLE\\app\\vendor\\laravel\\lumen-framework\\src\\Concerns\\RoutesRequests.php(342): Laravel\\Lumen\\Application->callControllerCallable(Array, Array)
#8 D:\\musa\\MOODLE_36_STABLE\\app\\vendor\\laravel\\lumen-framework\\src\\Concerns\\RoutesRequests.php(316): Laravel\\Lumen\\Application->callLumenController(Object(App\\Http\\Controllers\\AreasController), 'getArea', Array)
#9 D:\\musa\\MOODLE_36_STABLE\\app\\vendor\\laravel\\lumen-framework\\src\\Concerns\\RoutesRequests.php(278): Laravel\\Lumen\\Application->callControllerAction(Array)
#10 D:\\musa\\MOODLE_36_STABLE\\app\\vendor\\laravel\\lumen-framework\\src\\Concerns\\RoutesRequests.php(263): Laravel\\Lumen\\Application->callActionOnArrayBasedRoute(Array)
#11 D:\\musa\\MOODLE_36_STABLE\\app\\vendor\\laravel\\lumen-framework\\src\\Concerns\\RoutesRequests.php(233): Laravel\\Lumen\\Application->handleFoundRoute(Array)
#12 D:\\musa\\MOODLE_36_STABLE\\app\\vendor\\laravel\\lumen-framework\\src\\Concerns\\RoutesRequests.php(169): Laravel\\Lumen\\Application->handleDispatcherResponse(Array)
#13 D:\\musa\\MOODLE_36_STABLE\\app\\vendor\\laravel\\lumen-framework\\src\\Concerns\\RoutesRequests.php(416): Laravel\\Lumen\\Application->Laravel\\Lumen\\Concerns\\{closure}(Object(Laravel\\Lumen\\Http\\Request))
#14 D:\\musa\\MOODLE_36_STABLE\\app\\vendor\\laravel\\lumen-framework\\src\\Concerns\\RoutesRequests.php(171): Laravel\\Lumen\\Application->sendThroughPipeline(Array, Object(Closure))
#15 D:\\musa\\MOODLE_36_STABLE\\app\\vendor\\laravel\\lumen-framework\\src\\Concerns\\RoutesRequests.php(108): Laravel\\Lumen\\Application->dispatch(NULL)
#16 D:\\musa\\MOODLE_36_STABLE\\app\\index.php(28): Laravel\\Lumen\\Application->run()
#17 {main}
"} 
[2019-06-19 05:40:47] local.ERROR: RuntimeException: A facade root has not been set. in D:\musa\MOODLE_36_STABLE\app\vendor\illuminate\support\Facades\Facade.php:234
Stack trace:
#0 D:\musa\MOODLE_36_STABLE\app\app\Http\Controllers\AreasController.php(16): Illuminate\Support\Facades\Facade::__callStatic('connection', Array)
#1 [internal function]: App\Http\Controllers\AreasController->getArea(0, '0')
#2 D:\musa\MOODLE_36_STABLE\app\vendor\illuminate\container\BoundMethod.php(32): call_user_func_array(Array, Array)
#3 D:\musa\MOODLE_36_STABLE\app\vendor\illuminate\container\BoundMethod.php(90): Illuminate\Container\BoundMethod::Illuminate\Container\{closure}()
#4 D:\musa\MOODLE_36_STABLE\app\vendor\illuminate\container\BoundMethod.php(34): Illuminate\Container\BoundMethod::callBoundMethod(Object(Laravel\Lumen\Application), Array, Object(Closure))
#5 D:\musa\MOODLE_36_STABLE\app\vendor\illuminate\container\Container.php(576): Illuminate\Container\BoundMethod::call(Object(Laravel\Lumen\Application), Array, Array, NULL)
#6 D:\musa\MOODLE_36_STABLE\app\vendor\laravel\lumen-framework\src\Concerns\RoutesRequests.php(376): Illuminate\Container\Container->call(Array, Array)
#7 D:\musa\MOODLE_36_STABLE\app\vendor\laravel\lumen-framework\src\Concerns\RoutesRequests.php(342): Laravel\Lumen\Application->callControllerCallable(Array, Array)
#8 D:\musa\MOODLE_36_STABLE\app\vendor\laravel\lumen-framework\src\Concerns\RoutesRequests.php(316): Laravel\Lumen\Application->callLumenController(Object(App\Http\Controllers\AreasController), 'getArea', Array)
#9 D:\musa\MOODLE_36_STABLE\app\vendor\laravel\lumen-framework\src\Concerns\RoutesRequests.php(278): Laravel\Lumen\Application->callControllerAction(Array)
#10 D:\musa\MOODLE_36_STABLE\app\vendor\laravel\lumen-framework\src\Concerns\RoutesRequests.php(263): Laravel\Lumen\Application->callActionOnArrayBasedRoute(Array)
#11 D:\musa\MOODLE_36_STABLE\app\vendor\laravel\lumen-framework\src\Concerns\RoutesRequests.php(233): Laravel\Lumen\Application->handleFoundRoute(Array)
#12 D:\musa\MOODLE_36_STABLE\app\vendor\laravel\lumen-framework\src\Concerns\RoutesRequests.php(169): Laravel\Lumen\Application->handleDispatcherResponse(Array)
#13 D:\musa\MOODLE_36_STABLE\app\vendor\laravel\lumen-framework\src\Concerns\RoutesRequests.php(416): Laravel\Lumen\Application->Laravel\Lumen\Concerns\{closure}(Object(Laravel\Lumen\Http\Request))
#14 D:\musa\MOODLE_36_STABLE\app\vendor\laravel\lumen-framework\src\Concerns\RoutesRequests.php(171): Laravel\Lumen\Application->sendThroughPipeline(Array, Object(Closure))
#15 D:\musa\MOODLE_36_STABLE\app\vendor\laravel\lumen-framework\src\Concerns\RoutesRequests.php(108): Laravel\Lumen\Application->dispatch(NULL)
#16 D:\musa\MOODLE_36_STABLE\app\index.php(28): Laravel\Lumen\Application->run()
#17 {main} {"exception":"[object] (RuntimeException(code: 0): A facade root has not been set. at D:\\musa\\MOODLE_36_STABLE\\app\\vendor\\illuminate\\support\\Facades\\Facade.php:234)
[stacktrace]
#0 D:\\musa\\MOODLE_36_STABLE\\app\\app\\Http\\Controllers\\AreasController.php(16): Illuminate\\Support\\Facades\\Facade::__callStatic('connection', Array)
#1 [internal function]: App\\Http\\Controllers\\AreasController->getArea(0, '0')
#2 D:\\musa\\MOODLE_36_STABLE\\app\\vendor\\illuminate\\container\\BoundMethod.php(32): call_user_func_array(Array, Array)
#3 D:\\musa\\MOODLE_36_STABLE\\app\\vendor\\illuminate\\container\\BoundMethod.php(90): Illuminate\\Container\\BoundMethod::Illuminate\\Container\\{closure}()
#4 D:\\musa\\MOODLE_36_STABLE\\app\\vendor\\illuminate\\container\\BoundMethod.php(34): Illuminate\\Container\\BoundMethod::callBoundMethod(Object(Laravel\\Lumen\\Application), Array, Object(Closure))
#5 D:\\musa\\MOODLE_36_STABLE\\app\\vendor\\illuminate\\container\\Container.php(576): Illuminate\\Container\\BoundMethod::call(Object(Laravel\\Lumen\\Application), Array, Array, NULL)
#6 D:\\musa\\MOODLE_36_STABLE\\app\\vendor\\laravel\\lumen-framework\\src\\Concerns\\RoutesRequests.php(376): Illuminate\\Container\\Container->call(Array, Array)
#7 D:\\musa\\MOODLE_36_STABLE\\app\\vendor\\laravel\\lumen-framework\\src\\Concerns\\RoutesRequests.php(342): Laravel\\Lumen\\Application->callControllerCallable(Array, Array)
#8 D:\\musa\\MOODLE_36_STABLE\\app\\vendor\\laravel\\lumen-framework\\src\\Concerns\\RoutesRequests.php(316): Laravel\\Lumen\\Application->callLumenController(Object(App\\Http\\Controllers\\AreasController), 'getArea', Array)
#9 D:\\musa\\MOODLE_36_STABLE\\app\\vendor\\laravel\\lumen-framework\\src\\Concerns\\RoutesRequests.php(278): Laravel\\Lumen\\Application->callControllerAction(Array)
#10 D:\\musa\\MOODLE_36_STABLE\\app\\vendor\\laravel\\lumen-framework\\src\\Concerns\\RoutesRequests.php(263): Laravel\\Lumen\\Application->callActionOnArrayBasedRoute(Array)
#11 D:\\musa\\MOODLE_36_STABLE\\app\\vendor\\laravel\\lumen-framework\\src\\Concerns\\RoutesRequests.php(233): Laravel\\Lumen\\Application->handleFoundRoute(Array)
#12 D:\\musa\\MOODLE_36_STABLE\\app\\vendor\\laravel\\lumen-framework\\src\\Concerns\\RoutesRequests.php(169): Laravel\\Lumen\\Application->handleDispatcherResponse(Array)
#13 D:\\musa\\MOODLE_36_STABLE\\app\\vendor\\laravel\\lumen-framework\\src\\Concerns\\RoutesRequests.php(416): Laravel\\Lumen\\Application->Laravel\\Lumen\\Concerns\\{closure}(Object(Laravel\\Lumen\\Http\\Request))
#14 D:\\musa\\MOODLE_36_STABLE\\app\\vendor\\laravel\\lumen-framework\\src\\Concerns\\RoutesRequests.php(171): Laravel\\Lumen\\Application->sendThroughPipeline(Array, Object(Closure))
#15 D:\\musa\\MOODLE_36_STABLE\\app\\vendor\\laravel\\lumen-framework\\src\\Concerns\\RoutesRequests.php(108): Laravel\\Lumen\\Application->dispatch(NULL)
#16 D:\\musa\\MOODLE_36_STABLE\\app\\index.php(28): Laravel\\Lumen\\Application->run()
#17 {main}
"} 
[2019-06-19 05:53:28] local.ERROR: UnexpectedValueException: The Response content must be a string or object implementing __toString(), "object" given. in D:\musa\MOODLE_36_STABLE\app\vendor\symfony\http-foundation\Response.php:401
Stack trace:
#0 D:\musa\MOODLE_36_STABLE\app\vendor\illuminate\http\Response.php(45): Symfony\Component\HttpFoundation\Response->setContent(Object(Illuminate\Auth\GenericUser))
#1 D:\musa\MOODLE_36_STABLE\app\vendor\symfony\http-foundation\Response.php(202): Illuminate\Http\Response->setContent(Object(Illuminate\Auth\GenericUser))
#2 D:\musa\MOODLE_36_STABLE\app\vendor\laravel\lumen-framework\src\Concerns\RoutesRequests.php(436): Symfony\Component\HttpFoundation\Response->__construct(Object(Illuminate\Auth\GenericUser))
#3 D:\musa\MOODLE_36_STABLE\app\vendor\laravel\lumen-framework\src\Concerns\RoutesRequests.php(376): Laravel\Lumen\Application->prepareResponse(Object(Illuminate\Auth\GenericUser))
#4 D:\musa\MOODLE_36_STABLE\app\vendor\laravel\lumen-framework\src\Concerns\RoutesRequests.php(342): Laravel\Lumen\Application->callControllerCallable(Array, Array)
#5 D:\musa\MOODLE_36_STABLE\app\vendor\laravel\lumen-framework\src\Concerns\RoutesRequests.php(316): Laravel\Lumen\Application->callLumenController(Object(App\Http\Controllers\AreasController), 'token', Array)
#6 D:\musa\MOODLE_36_STABLE\app\vendor\laravel\lumen-framework\src\Concerns\RoutesRequests.php(278): Laravel\Lumen\Application->callControllerAction(Array)
#7 D:\musa\MOODLE_36_STABLE\app\vendor\laravel\lumen-framework\src\Concerns\RoutesRequests.php(263): Laravel\Lumen\Application->callActionOnArrayBasedRoute(Array)
#8 D:\musa\MOODLE_36_STABLE\app\vendor\laravel\lumen-framework\src\Concerns\RoutesRequests.php(165): Laravel\Lumen\Application->handleFoundRoute(Array)
#9 D:\musa\MOODLE_36_STABLE\app\vendor\laravel\lumen-framework\src\Concerns\RoutesRequests.php(416): Laravel\Lumen\Application->Laravel\Lumen\Concerns\{closure}(Object(Laravel\Lumen\Http\Request))
#10 D:\musa\MOODLE_36_STABLE\app\vendor\laravel\lumen-framework\src\Concerns\RoutesRequests.php(171): Laravel\Lumen\Application->sendThroughPipeline(Array, Object(Closure))
#11 D:\musa\MOODLE_36_STABLE\app\vendor\laravel\lumen-framework\src\Concerns\RoutesRequests.php(108): Laravel\Lumen\Application->dispatch(NULL)
#12 D:\musa\MOODLE_36_STABLE\app\index.php(28): Laravel\Lumen\Application->run()
#13 {main} {"exception":"[object] (UnexpectedValueException(code: 0): The Response content must be a string or object implementing __toString(), \"object\" given. at D:\\musa\\MOODLE_36_STABLE\\app\\vendor\\symfony\\http-foundation\\Response.php:401)
[stacktrace]
#0 D:\\musa\\MOODLE_36_STABLE\\app\\vendor\\illuminate\\http\\Response.php(45): Symfony\\Component\\HttpFoundation\\Response->setContent(Object(Illuminate\\Auth\\GenericUser))
#1 D:\\musa\\MOODLE_36_STABLE\\app\\vendor\\symfony\\http-foundation\\Response.php(202): Illuminate\\Http\\Response->setContent(Object(Illuminate\\Auth\\GenericUser))
#2 D:\\musa\\MOODLE_36_STABLE\\app\\vendor\\laravel\\lumen-framework\\src\\Concerns\\RoutesRequests.php(436): Symfony\\Component\\HttpFoundation\\Response->__construct(Object(Illuminate\\Auth\\GenericUser))
#3 D:\\musa\\MOODLE_36_STABLE\\app\\vendor\\laravel\\lumen-framework\\src\\Concerns\\RoutesRequests.php(376): Laravel\\Lumen\\Application->prepareResponse(Object(Illuminate\\Auth\\GenericUser))
#4 D:\\musa\\MOODLE_36_STABLE\\app\\vendor\\laravel\\lumen-framework\\src\\Concerns\\RoutesRequests.php(342): Laravel\\Lumen\\Application->callControllerCallable(Array, Array)
#5 D:\\musa\\MOODLE_36_STABLE\\app\\vendor\\laravel\\lumen-framework\\src\\Concerns\\RoutesRequests.php(316): Laravel\\Lumen\\Application->callLumenController(Object(App\\Http\\Controllers\\AreasController), 'token', Array)
#6 D:\\musa\\MOODLE_36_STABLE\\app\\vendor\\laravel\\lumen-framework\\src\\Concerns\\RoutesRequests.php(278): Laravel\\Lumen\\Application->callControllerAction(Array)
#7 D:\\musa\\MOODLE_36_STABLE\\app\\vendor\\laravel\\lumen-framework\\src\\Concerns\\RoutesRequests.php(263): Laravel\\Lumen\\Application->callActionOnArrayBasedRoute(Array)
#8 D:\\musa\\MOODLE_36_STABLE\\app\\vendor\\laravel\\lumen-framework\\src\\Concerns\\RoutesRequests.php(165): Laravel\\Lumen\\Application->handleFoundRoute(Array)
#9 D:\\musa\\MOODLE_36_STABLE\\app\\vendor\\laravel\\lumen-framework\\src\\Concerns\\RoutesRequests.php(416): Laravel\\Lumen\\Application->Laravel\\Lumen\\Concerns\\{closure}(Object(Laravel\\Lumen\\Http\\Request))
#10 D:\\musa\\MOODLE_36_STABLE\\app\\vendor\\laravel\\lumen-framework\\src\\Concerns\\RoutesRequests.php(171): Laravel\\Lumen\\Application->sendThroughPipeline(Array, Object(Closure))
#11 D:\\musa\\MOODLE_36_STABLE\\app\\vendor\\laravel\\lumen-framework\\src\\Concerns\\RoutesRequests.php(108): Laravel\\Lumen\\Application->dispatch(NULL)
#12 D:\\musa\\MOODLE_36_STABLE\\app\\index.php(28): Laravel\\Lumen\\Application->run()
#13 {main}
"} 
[2019-06-19 06:11:38] local.INFO: test log  
[2019-06-19 06:12:08] local.ERROR: Symfony\Component\Debug\Exception\FatalThrowableError: syntax error, unexpected 'get' (T_STRING) in D:\musa\MOODLE_36_STABLE\app\app\Http\Controllers\AreasController.php:11
Stack trace:
#0 D:\musa\MOODLE_36_STABLE\app\vendor\composer\ClassLoader.php(322): Composer\Autoload\includeFile('D:\\musa\\MOODLE_...')
#1 [internal function]: Composer\Autoload\ClassLoader->loadClass('App\\Http\\Contro...')
#2 [internal function]: spl_autoload_call('App\\Http\\Contro...')
#3 D:\musa\MOODLE_36_STABLE\app\vendor\illuminate\container\Container.php(790): ReflectionClass->__construct('App\\Http\\Contro...')
#4 D:\musa\MOODLE_36_STABLE\app\vendor\illuminate\container\Container.php(667): Illuminate\Container\Container->build('App\\Http\\Contro...')
#5 D:\musa\MOODLE_36_STABLE\app\vendor\illuminate\container\Container.php(615): Illuminate\Container\Container->resolve('App\\Http\\Contro...', Array)
#6 D:\musa\MOODLE_36_STABLE\app\vendor\laravel\lumen-framework\src\Application.php(267): Illuminate\Container\Container->make('App\\Http\\Contro...', Array)
#7 D:\musa\MOODLE_36_STABLE\app\vendor\laravel\lumen-framework\src\Concerns\RoutesRequests.php(311): Laravel\Lumen\Application->make('App\\Http\\Contro...')
#8 D:\musa\MOODLE_36_STABLE\app\vendor\laravel\lumen-framework\src\Concerns\RoutesRequests.php(278): Laravel\Lumen\Application->callControllerAction(Array)
#9 D:\musa\MOODLE_36_STABLE\app\vendor\laravel\lumen-framework\src\Concerns\RoutesRequests.php(263): Laravel\Lumen\Application->callActionOnArrayBasedRoute(Array)
#10 D:\musa\MOODLE_36_STABLE\app\vendor\laravel\lumen-framework\src\Concerns\RoutesRequests.php(165): Laravel\Lumen\Application->handleFoundRoute(Array)
#11 D:\musa\MOODLE_36_STABLE\app\vendor\laravel\lumen-framework\src\Concerns\RoutesRequests.php(416): Laravel\Lumen\Application->Laravel\Lumen\Concerns\{closure}(Object(Laravel\Lumen\Http\Request))
#12 D:\musa\MOODLE_36_STABLE\app\vendor\laravel\lumen-framework\src\Concerns\RoutesRequests.php(171): Laravel\Lumen\Application->sendThroughPipeline(Array, Object(Closure))
#13 D:\musa\MOODLE_36_STABLE\app\vendor\laravel\lumen-framework\src\Concerns\RoutesRequests.php(108): Laravel\Lumen\Application->dispatch(NULL)
#14 D:\musa\MOODLE_36_STABLE\app\index.php(28): Laravel\Lumen\Application->run()
#15 {main} {"exception":"[object] (Symfony\\Component\\Debug\\Exception\\FatalThrowableError(code: 0): syntax error, unexpected 'get' (T_STRING) at D:\\musa\\MOODLE_36_STABLE\\app\\app\\Http\\Controllers\\AreasController.php:11)
[stacktrace]
#0 D:\\musa\\MOODLE_36_STABLE\\app\\vendor\\composer\\ClassLoader.php(322): Composer\\Autoload\\includeFile('D:\\\\musa\\\\MOODLE_...')
#1 [internal function]: Composer\\Autoload\\ClassLoader->loadClass('App\\\\Http\\\\Contro...')
#2 [internal function]: spl_autoload_call('App\\\\Http\\\\Contro...')
#3 D:\\musa\\MOODLE_36_STABLE\\app\\vendor\\illuminate\\container\\Container.php(790): ReflectionClass->__construct('App\\\\Http\\\\Contro...')
#4 D:\\musa\\MOODLE_36_STABLE\\app\\vendor\\illuminate\\container\\Container.php(667): Illuminate\\Container\\Container->build('App\\\\Http\\\\Contro...')
#5 D:\\musa\\MOODLE_36_STABLE\\app\\vendor\\illuminate\\container\\Container.php(615): Illuminate\\Container\\Container->resolve('App\\\\Http\\\\Contro...', Array)
#6 D:\\musa\\MOODLE_36_STABLE\\app\\vendor\\laravel\\lumen-framework\\src\\Application.php(267): Illuminate\\Container\\Container->make('App\\\\Http\\\\Contro...', Array)
#7 D:\\musa\\MOODLE_36_STABLE\\app\\vendor\\laravel\\lumen-framework\\src\\Concerns\\RoutesRequests.php(311): Laravel\\Lumen\\Application->make('App\\\\Http\\\\Contro...')
#8 D:\\musa\\MOODLE_36_STABLE\\app\\vendor\\laravel\\lumen-framework\\src\\Concerns\\RoutesRequests.php(278): Laravel\\Lumen\\Application->callControllerAction(Array)
#9 D:\\musa\\MOODLE_36_STABLE\\app\\vendor\\laravel\\lumen-framework\\src\\Concerns\\RoutesRequests.php(263): Laravel\\Lumen\\Application->callActionOnArrayBasedRoute(Array)
#10 D:\\musa\\MOODLE_36_STABLE\\app\\vendor\\laravel\\lumen-framework\\src\\Concerns\\RoutesRequests.php(165): Laravel\\Lumen\\Application->handleFoundRoute(Array)
#11 D:\\musa\\MOODLE_36_STABLE\\app\\vendor\\laravel\\lumen-framework\\src\\Concerns\\RoutesRequests.php(416): Laravel\\Lumen\\Application->Laravel\\Lumen\\Concerns\\{closure}(Object(Laravel\\Lumen\\Http\\Request))
#12 D:\\musa\\MOODLE_36_STABLE\\app\\vendor\\laravel\\lumen-framework\\src\\Concerns\\RoutesRequests.php(171): Laravel\\Lumen\\Application->sendThroughPipeline(Array, Object(Closure))
#13 D:\\musa\\MOODLE_36_STABLE\\app\\vendor\\laravel\\lumen-framework\\src\\Concerns\\RoutesRequests.php(108): Laravel\\Lumen\\Application->dispatch(NULL)
#14 D:\\musa\\MOODLE_36_STABLE\\app\\index.php(28): Laravel\\Lumen\\Application->run()
#15 {main}
"} 
[2019-06-19 06:12:16] local.INFO: test log  
